<?xml version="1.0" encoding="UTF-8"?>
<!-- Generated by org.testng.reporters.JUnitReportReporter -->
<testsuite hostname="LAPTOP-K29UFT4A" failures="0" tests="2" name="swaglabs.ai.tests.validateHomePageTest" time="2.356" errors="0" timestamp="2024-10-07T00:32:42 IST" skipped="0">
  <testcase classname="swaglabs.ai.tests.validateHomePageTest" name="validateUserLandedInSwagLabsHomePage" time="0.256"/>
  <testcase classname="swaglabs.ai.tests.validateHomePageTest" name="validateOfAddSauceLabsBackPackIntoCartFromHomePageTest" time="2.100"/>
</testsuite> <!-- swaglabs.ai.tests.validateHomePageTest -->
